<?xml version="1.0" encoding="UTF-8"?>
<!-- Generated by org.testng.reporters.JUnitXMLReporter -->
<testsuite ignored="1" hostname="ASUS" failures="0" tests="2" name="Test" time="8.862" errors="0" timestamp="2025-12-07T22:37:18 IST">
  <testcase classname="testCases.TC001_AccountRegistrationTest" name="verifyRegistration" time="1.987"/>
  <testcase classname="testCases.TC002_LoginTest" name="verifyLogin" time="1.452"/>
  <testcase classname="testCases.TC003_LoginTestDDT" name="verify_loginDDT" time="0.0">
    <ignored/>
  </testcase> <!-- verify_loginDDT -->
</testsuite> <!-- Test -->
