<?xml version="1.0" encoding="UTF-8"?>
<!-- Generated by org.testng.reporters.JUnitXMLReporter -->
<testsuite ignored="0" hostname="ASUS" failures="0" tests="5" name="Test(failed)" time="53.765" errors="0" timestamp="2025-12-08T14:42:08 IST">
  <testcase classname="testCases.TC003_LoginTestDDT" name="verify_loginDDT" time="2.23"/>
  <testcase classname="testCases.TC003_LoginTestDDT" name="verify_loginDDT" time="11.267"/>
  <testcase classname="testCases.TC003_LoginTestDDT" name="verify_loginDDT" time="11.252"/>
  <testcase classname="testCases.TC003_LoginTestDDT" name="verify_loginDDT" time="11.217"/>
  <testcase classname="testCases.TC003_LoginTestDDT" name="verify_loginDDT" time="11.178"/>
</testsuite> <!-- Test(failed) -->
