<?xml version="1.0" encoding="UTF-8"?>
<!-- Generated by org.testng.reporters.JUnitXMLReporter -->
<testsuite ignored="0" hostname="ASUS" failures="0" tests="5" name="Test" time="51.259" errors="0" timestamp="2025-12-14T16:12:43 IST">
  <testcase classname="testCases.TC003_LoginTestDDT" name="verify_loginDDT" time="1.857"/>
  <testcase classname="testCases.TC003_LoginTestDDT" name="verify_loginDDT" time="11.533"/>
  <testcase classname="testCases.TC003_LoginTestDDT" name="verify_loginDDT" time="11.247"/>
  <testcase classname="testCases.TC003_LoginTestDDT" name="verify_loginDDT" time="11.124"/>
  <testcase classname="testCases.TC003_LoginTestDDT" name="verify_loginDDT" time="11.221"/>
</testsuite> <!-- Test -->
