<?xml version="1.0" encoding="UTF-8"?>
<testng-results ignored="0" total="1" passed="1" failed="0" skipped="0">
  <reporter-output>
  </reporter-output>
  <suite started-at="2025-12-05T15:29:33 IST" name="Master Suite" finished-at="2025-12-05T15:29:38 IST" duration-ms="4767">
    <groups>
    </groups>
    <test started-at="2025-12-05T15:29:33 IST" name="Test" finished-at="2025-12-05T15:29:38 IST" duration-ms="4767">
      <class name="testCases.TC002_LoginTest">
        <test-method is-config="true" signature="setup(java.lang.String,java.lang.String)[pri:0, instance:testCases.TC002_LoginTest@3a0baae5]" started-at="2025-12-05T15:29:33 IST" name="setup" finished-at="2025-12-05T15:29:36 IST" duration-ms="2867" status="PASS">
          <params>
            <param index="0">
              <value>
                <![CDATA[Windows]]>
              </value>
            </param>
            <param index="1">
              <value>
                <![CDATA[chrome]]>
              </value>
            </param>
          </params>
          <reporter-output>
          </reporter-output>
        </test-method> <!-- setup -->
        <test-method signature="verifyLogin()[pri:0, instance:testCases.TC002_LoginTest@3a0baae5]" started-at="2025-12-05T15:29:36 IST" name="verifyLogin" finished-at="2025-12-05T15:29:37 IST" duration-ms="1652" status="PASS">
          <reporter-output>
          </reporter-output>
        </test-method> <!-- verifyLogin -->
        <test-method is-config="true" signature="tearDown()[pri:0, instance:testCases.TC002_LoginTest@3a0baae5]" started-at="2025-12-05T15:29:37 IST" name="tearDown" finished-at="2025-12-05T15:29:38 IST" duration-ms="196" status="PASS">
          <reporter-output>
          </reporter-output>
        </test-method> <!-- tearDown -->
      </class> <!-- testCases.TC002_LoginTest -->
    </test> <!-- Test -->
  </suite> <!-- Master Suite -->
</testng-results>
