<?xml version="1.0" encoding="UTF-8"?>
<testng-results ignored="0" total="5" passed="5" failed="0" skipped="0">
  <reporter-output>
  </reporter-output>
  <suite started-at="2025-12-07T16:38:38 IST" name="Master Suite" finished-at="2025-12-07T16:39:28 IST" duration-ms="50067">
    <groups>
    </groups>
    <test started-at="2025-12-07T16:38:38 IST" name="Test" finished-at="2025-12-07T16:39:28 IST" duration-ms="50067">
      <class name="testCases.TC003_LoginTestDDT">
        <test-method is-config="true" signature="setup(java.lang.String,java.lang.String)[pri:0, instance:testCases.TC003_LoginTestDDT@460ebd80]" started-at="2025-12-07T16:38:38 IST" name="setup" finished-at="2025-12-07T16:38:40 IST" duration-ms="2264" status="PASS">
          <params>
            <param index="0">
              <value>
                <![CDATA[Windows]]>
              </value>
            </param>
            <param index="1">
              <value>
                <![CDATA[chrome]]>
              </value>
            </param>
          </params>
          <reporter-output>
          </reporter-output>
        </test-method> <!-- setup -->
        <test-method signature="verify_loginDDT(java.lang.String,java.lang.String,java.lang.String)[pri:0, instance:testCases.TC003_LoginTestDDT@460ebd80]" started-at="2025-12-07T16:38:41 IST" name="verify_loginDDT" data-provider="LoginData" finished-at="2025-12-07T16:38:43 IST" duration-ms="1781" status="PASS">
          <params>
            <param index="0">
              <value>
                <![CDATA[testuser01@mail.com]]>
              </value>
            </param>
            <param index="1">
              <value>
                <![CDATA[Testuser@123]]>
              </value>
            </param>
            <param index="2">
              <value>
                <![CDATA[valid]]>
              </value>
            </param>
          </params>
          <reporter-output>
          </reporter-output>
        </test-method> <!-- verify_loginDDT -->
        <test-method signature="verify_loginDDT(java.lang.String,java.lang.String,java.lang.String)[pri:0, instance:testCases.TC003_LoginTestDDT@460ebd80]" started-at="2025-12-07T16:38:43 IST" name="verify_loginDDT" data-provider="LoginData" finished-at="2025-12-07T16:38:54 IST" duration-ms="11432" status="PASS">
          <params>
            <param index="0">
              <value>
                <![CDATA[testuser02@mail.com]]>
              </value>
            </param>
            <param index="1">
              <value>
                <![CDATA[Testuser@124]]>
              </value>
            </param>
            <param index="2">
              <value>
                <![CDATA[invalid]]>
              </value>
            </param>
          </params>
          <reporter-output>
          </reporter-output>
        </test-method> <!-- verify_loginDDT -->
        <test-method signature="verify_loginDDT(java.lang.String,java.lang.String,java.lang.String)[pri:0, instance:testCases.TC003_LoginTestDDT@460ebd80]" started-at="2025-12-07T16:38:54 IST" name="verify_loginDDT" data-provider="LoginData" finished-at="2025-12-07T16:39:05 IST" duration-ms="11122" status="PASS">
          <params>
            <param index="0">
              <value>
                <![CDATA[testuser03@mail.com]]>
              </value>
            </param>
            <param index="1">
              <value>
                <![CDATA[Testuser@125]]>
              </value>
            </param>
            <param index="2">
              <value>
                <![CDATA[invalid]]>
              </value>
            </param>
          </params>
          <reporter-output>
          </reporter-output>
        </test-method> <!-- verify_loginDDT -->
        <test-method signature="verify_loginDDT(java.lang.String,java.lang.String,java.lang.String)[pri:0, instance:testCases.TC003_LoginTestDDT@460ebd80]" started-at="2025-12-07T16:39:05 IST" name="verify_loginDDT" data-provider="LoginData" finished-at="2025-12-07T16:39:16 IST" duration-ms="11202" status="PASS">
          <params>
            <param index="0">
              <value>
                <![CDATA[testuser04@mail.com]]>
              </value>
            </param>
            <param index="1">
              <value>
                <![CDATA[Testuser@126]]>
              </value>
            </param>
            <param index="2">
              <value>
                <![CDATA[invalid]]>
              </value>
            </param>
          </params>
          <reporter-output>
          </reporter-output>
        </test-method> <!-- verify_loginDDT -->
        <test-method signature="verify_loginDDT(java.lang.String,java.lang.String,java.lang.String)[pri:0, instance:testCases.TC003_LoginTestDDT@460ebd80]" started-at="2025-12-07T16:39:16 IST" name="verify_loginDDT" data-provider="LoginData" finished-at="2025-12-07T16:39:27 IST" duration-ms="11106" status="PASS">
          <params>
            <param index="0">
              <value>
                <![CDATA[testuser05@mail.com]]>
              </value>
            </param>
            <param index="1">
              <value>
                <![CDATA[Testuser@127]]>
              </value>
            </param>
            <param index="2">
              <value>
                <![CDATA[invalid]]>
              </value>
            </param>
          </params>
          <reporter-output>
          </reporter-output>
        </test-method> <!-- verify_loginDDT -->
        <test-method is-config="true" signature="tearDown()[pri:0, instance:testCases.TC003_LoginTestDDT@460ebd80]" started-at="2025-12-07T16:39:27 IST" name="tearDown" finished-at="2025-12-07T16:39:28 IST" duration-ms="212" status="PASS">
          <reporter-output>
          </reporter-output>
        </test-method> <!-- tearDown -->
      </class> <!-- testCases.TC003_LoginTestDDT -->
    </test> <!-- Test -->
  </suite> <!-- Master Suite -->
</testng-results>
