<?xml version="1.0" encoding="UTF-8"?>
<!-- Generated by org.testng.reporters.JUnitReportReporter -->
<testsuite hostname="ASUS" failures="0" tests="5" name="testCases.TC003_LoginTestDDT" time="46.643" errors="0" timestamp="2025-12-07T16:39:28 IST" skipped="0">
  <testcase classname="testCases.TC003_LoginTestDDT" name="verify_loginDDT" time="1.781"/>
  <testcase classname="testCases.TC003_LoginTestDDT" name="verify_loginDDT" time="11.202"/>
  <testcase classname="testCases.TC003_LoginTestDDT" name="verify_loginDDT" time="11.432"/>
  <testcase classname="testCases.TC003_LoginTestDDT" name="verify_loginDDT" time="11.122"/>
  <testcase classname="testCases.TC003_LoginTestDDT" name="verify_loginDDT" time="11.106"/>
</testsuite> <!-- testCases.TC003_LoginTestDDT -->
